{"numFailedTestSuites":0,"numFailedTests":0,"numPassedTestSuites":1,"numPassedTests":2,"numPendingTestSuites":0,"numPendingTests":0,"numRuntimeErrorTestSuites":0,"numTodoTests":0,"numTotalTestSuites":1,"numTotalTests":2,"openHandles":[],"snapshot":{"added":0,"didUpdate":false,"failure":false,"filesAdded":0,"filesRemoved":0,"filesRemovedList":[],"filesUnmatched":0,"filesUpdated":0,"matched":0,"total":0,"unchecked":0,"uncheckedKeysByFile":[],"unmatched":0,"updated":0},"startTime":1785140491247,"success":true,"testResults":[{"assertionResults":[{"ancestorTitles":["Office visit bookings"],"duration":707,"failing":false,"failureDetails":[],"failureMessages":[],"fullName":"Office visit bookings stores a booking through the public booking endpoint","invocations":1,"location":null,"numPassingAsserts":3,"retryReasons":[],"startAt":1785140530983,"status":"passed","title":"stores a booking through the public booking endpoint"},{"ancestorTitles":["Office visit bookings"],"duration":422,"failing":false,"failureDetails":[],"failureMessages":[],"fullName":"Office visit bookings returns bookings for the admin endpoint","invocations":1,"location":null,"numPassingAsserts":4,"retryReasons":[],"startAt":1785140531692,"status":"passed","title":"returns bookings for the admin endpoint"}],"endTime":1785140532120,"message":"","name":"C:\\Users\\PC\\Desktop\\bliss software @\\bliss_connect\\backend\\tests\\officeVisitBookings.test.js","startTime":1785140492115,"status":"passed","summary":""}],"wasInterrupted":false}
